<?xml version="1.0" encoding="UTF-8"?>
<!-- Generated by org.testng.reporters.JUnitReportReporter -->
<testsuite hostname="Maa" failures="0" tests="1" name="demo.JenkinsTest" time="3.746" errors="0" timestamp="2025-06-14T11:17:28 IST" skipped="0">
  <testcase classname="demo.JenkinsTest" name="launch" time="3.746">
    <system-out>
      <![CDATA[empty browser luanched]]>
    </system-out>
  </testcase> <!-- launch -->
  <system-out>
    <![CDATA[empty browser luanched]]>
  </system-out>
</testsuite> <!-- demo.JenkinsTest -->
